0 info it worked if it ends with ok
1 verbose cli [ 'C:\\Program Files (x86)\\nodejs\\node.exe',
1 verbose cli   'C:\\Program Files (x86)\\nodejs\\node_modules\\npm\\bin\\npm-cli.js',
1 verbose cli   'publish',
1 verbose cli   './' ]
2 info using npm@3.10.10
3 info using node@v6.9.4
4 verbose publish [ './' ]
5 silly cache add args [ './', null ]
6 verbose cache add spec ./
7 silly cache add parsed spec Result {
7 silly cache add   raw: './',
7 silly cache add   scope: null,
7 silly cache add   escapedName: null,
7 silly cache add   name: null,
7 silly cache add   rawSpec: './',
7 silly cache add   spec: 'C:\\Users\\michaelolof\\Desktop\\M.O.O\\Programs\\JavaScript\\custom-npm-modules\\vuex-class-module',
7 silly cache add   type: 'directory' }
8 verbose addLocalDirectory C:\Users\michaelolof\AppData\Roaming\npm-cache\vuex-class-module\0.0.1\package.tgz not in flight; packing
9 verbose correctMkdir C:\Users\michaelolof\AppData\Roaming\npm-cache correctMkdir not in flight; initializing
10 info lifecycle vuex-class-module@0.0.1~prepublish: vuex-class-module@0.0.1
11 silly lifecycle vuex-class-module@0.0.1~prepublish: no script for prepublish, continuing
12 verbose tar pack [ 'C:\\Users\\michaelolof\\AppData\\Roaming\\npm-cache\\vuex-class-module\\0.0.1\\package.tgz',
12 verbose tar pack   'C:\\Users\\michaelolof\\Desktop\\M.O.O\\Programs\\JavaScript\\custom-npm-modules\\vuex-class-module' ]
13 verbose tarball C:\Users\michaelolof\AppData\Roaming\npm-cache\vuex-class-module\0.0.1\package.tgz
14 verbose folder C:\Users\michaelolof\Desktop\M.O.O\Programs\JavaScript\custom-npm-modules\vuex-class-module
15 verbose addLocalTarball adding from inside cache C:\Users\michaelolof\AppData\Roaming\npm-cache\vuex-class-module\0.0.1\package.tgz
16 verbose correctMkdir C:\Users\michaelolof\AppData\Roaming\npm-cache correctMkdir not in flight; initializing
17 silly cache afterAdd vuex-class-module@0.0.1
18 verbose afterAdd C:\Users\michaelolof\AppData\Roaming\npm-cache\vuex-class-module\0.0.1\package\package.json not in flight; writing
19 verbose correctMkdir C:\Users\michaelolof\AppData\Roaming\npm-cache correctMkdir not in flight; initializing
20 verbose afterAdd C:\Users\michaelolof\AppData\Roaming\npm-cache\vuex-class-module\0.0.1\package\package.json written
21 silly publish { name: 'vuex-class-module',
21 silly publish   version: '0.0.1',
21 silly publish   description: 'A library offering syntatic sugar to help declare vuex modules using JavaScript ES6 classes',
21 silly publish   main: 'dist/index.js',
21 silly publish   scripts: { test: 'echo "Error: no test specified" && exit 1' },
21 silly publish   keywords: [ 'vuex-class', 'vuex-class-module', 'vuex' ],
21 silly publish   author: { name: 'michaelolof' },
21 silly publish   license: 'MIT',
21 silly publish   readme: '# Vuex Class Module\r\n\r\nThis is a simple class that utilizes ES7 decorators to provide Syntatic Sugar which enables you declare Vuex Modules using ES6 Classes. \r\n\r\n## Dependencies\r\n\r\n   * Vue\r\n\r\n   * Vuex\r\n\r\n   * ES7 Decorators\r\n \r\n\r\n## Installation\r\n```\r\nnpm install --save-dev vuex-class-module\r\n```\r\n\r\n\r\n## How to use\r\n\r\nWe can first define a module class\r\n\r\n```\r\nimport { Mutation, Action, Getter, HasGetter, extractVuexModule, VuexClass } from "vuex-module-class";\r\nimport anotherModule from "./anotherFolder/anotherModule";\r\nimport alsoAModule from "./anotherFolder/alsoAModule";\r\n\r\n\r\n@VuexClass({\r\n  modules: {\r\n    anotherModule,\r\n    alsoAModule,\r\n  }\r\n})\r\n\r\n\r\nclass MyModule {\r\n  \r\n  // Defines a vuex state and also a getter with the same name.\r\n  @HasGetter firstname = "Michael";\r\n  \r\n  // Define a vuex state.\r\n  lastname = "ShoeLace";\r\n\r\n  // Define a vuex mutation\r\n  @Mutation changeFirstName(state, firstname) {\r\n    state.firstname = firstname;\r\n  }\r\n\r\n  // yet another vuex mutation\r\n  @Mutation changeLastName(state, lastname) {\r\n    state.lastname = lastname;\r\n  }\r\n\r\n  // Define an cction\r\n  @Action doAsync(context) {\r\n    console.log("This should be an async process")\r\n  }\r\n\r\n  // Define a getter\r\n  @Getter fullname(state) {\r\n    return state.name + " " + state.lastname;\r\n  }\r\n}\r\n```\r\n\r\nSince all this is just using syntatic sugar for vuex modules, we can extract this as follows.\r\n\r\n```\r\n// This will return an object literal with all the appropriate vuex module definitions \r\nconst myModule = extractVuexModule( MyModule )\r\n\r\n// It can then be exported as an object as:\r\nexport default myModule;\r\n```\r\n\r\n## Advantages\r\n   * Works well with normal vuex store.\r\n\r\n   * Easy to read and intuitive.\r\n\r\n\r\n',
21 silly publish   readmeFilename: 'README.md',
21 silly publish   gitHead: 'e364d8da14c44d4030bd774a63cb7b0e0f3d8860',
21 silly publish   _id: 'vuex-class-module@0.0.1',
21 silly publish   _shasum: 'fffab616aff8aed68c3b76566a8357a2aee486f2',
21 silly publish   _from: '.' }
22 verbose getPublishConfig undefined
23 silly mapToRegistry name vuex-class-module
24 silly mapToRegistry using default registry
25 silly mapToRegistry registry https://registry.npmjs.org/
26 silly mapToRegistry data Result {
26 silly mapToRegistry   raw: 'vuex-class-module',
26 silly mapToRegistry   scope: null,
26 silly mapToRegistry   escapedName: 'vuex-class-module',
26 silly mapToRegistry   name: 'vuex-class-module',
26 silly mapToRegistry   rawSpec: '',
26 silly mapToRegistry   spec: 'latest',
26 silly mapToRegistry   type: 'tag' }
27 silly mapToRegistry uri https://registry.npmjs.org/vuex-class-module
28 verbose publish registryBase https://registry.npmjs.org/
29 silly publish uploading C:\Users\michaelolof\AppData\Roaming\npm-cache\vuex-class-module\0.0.1\package.tgz
30 verbose request uri https://registry.npmjs.org/vuex-class-module
31 verbose request sending authorization for write operation
32 info attempt registry request try #1 at 8:22:53 PM
33 verbose request using bearer token for auth
34 verbose request id 8520842bbdb01c43
35 http request PUT https://registry.npmjs.org/vuex-class-module
36 http 403 https://registry.npmjs.org/vuex-class-module
37 verbose headers { 'content-type': 'application/json',
37 verbose headers   'cache-control': 'max-age=300',
37 verbose headers   'content-length': '95',
37 verbose headers   'accept-ranges': 'bytes',
37 verbose headers   date: 'Sat, 29 Apr 2017 19:22:55 GMT',
37 verbose headers   via: '1.1 varnish',
37 verbose headers   connection: 'keep-alive',
37 verbose headers   'x-served-by': 'cache-lhr6332-LHR',
37 verbose headers   'x-cache': 'MISS',
37 verbose headers   'x-cache-hits': '0',
37 verbose headers   'x-timer': 'S1493493775.105860,VS0,VE834',
37 verbose headers   vary: 'Accept-Encoding' }
38 verbose request invalidating C:\Users\michaelolof\AppData\Roaming\npm-cache\registry.npmjs.org\vuex-class-module on PUT
39 error publish Failed PUT 403
40 verbose stack Error: "You cannot publish over the previously published version 0.0.1." : vuex-class-module
40 verbose stack     at makeError (C:\Program Files (x86)\nodejs\node_modules\npm\node_modules\npm-registry-client\lib\request.js:302:12)
40 verbose stack     at CachingRegistryClient.<anonymous> (C:\Program Files (x86)\nodejs\node_modules\npm\node_modules\npm-registry-client\lib\request.js:290:14)
40 verbose stack     at Request._callback (C:\Program Files (x86)\nodejs\node_modules\npm\node_modules\npm-registry-client\lib\request.js:210:14)
40 verbose stack     at Request.self.callback (C:\Program Files (x86)\nodejs\node_modules\npm\node_modules\request\request.js:187:22)
40 verbose stack     at emitTwo (events.js:106:13)
40 verbose stack     at Request.emit (events.js:191:7)
40 verbose stack     at Request.<anonymous> (C:\Program Files (x86)\nodejs\node_modules\npm\node_modules\request\request.js:1048:10)
40 verbose stack     at emitOne (events.js:96:13)
40 verbose stack     at Request.emit (events.js:188:7)
40 verbose stack     at IncomingMessage.<anonymous> (C:\Program Files (x86)\nodejs\node_modules\npm\node_modules\request\request.js:969:12)
41 verbose statusCode 403
42 verbose pkgid vuex-class-module
43 verbose cwd C:\Users\michaelolof\Desktop\M.O.O\Programs\JavaScript\custom-npm-modules\vuex-class-module
44 error Windows_NT 10.0.14393
45 error argv "C:\\Program Files (x86)\\nodejs\\node.exe" "C:\\Program Files (x86)\\nodejs\\node_modules\\npm\\bin\\npm-cli.js" "publish" "./"
46 error node v6.9.4
47 error npm  v3.10.10
48 error code E403
49 error "You cannot publish over the previously published version 0.0.1." : vuex-class-module
50 error If you need help, you may report this error at:
50 error     <https://github.com/npm/npm/issues>
51 verbose exit [ 1, true ]
